<?xml version="1.0" encoding="UTF-8" ?>
<testsuite errors="0" failures="0" hostname="LAPTOP-QJPOCRT2" name="adactin_Hotel.DfltAdult_SrchHotel" skipped="0" tests="1" time="6.316" timestamp="2024-07-04T04:41:17">
  <properties>
[...]
</properties>
  <testcase classname="adactin_Hotel.DfltAdult_SrchHotel" name="main" time="6.222" />
  <system-out><![CDATA[
]]></system-out>
  <system-err><![CDATA[Jul 04, 2024 2:41:21 PM org.openqa.selenium.devtools.CdpVersionFinder findNearestMatch
WARNING: Unable to find an exact match for CDP version 126, returning the closest version; found: 125; Please update to a Selenium version that supports CDP version 126
]]></system-err>
</testsuite>
